>main 
>docker_pull_images
13: Pulling from library/postgres
af107e978371: Pulling fs layer
75b0a0fab180: Pulling fs layer
333c965dee66: Pulling fs layer
6bc85cddd299: Pulling fs layer
afa57f550b3c: Pulling fs layer
6799bdffc35a: Pulling fs layer
6e0548f1d148: Pulling fs layer
0d6ff9e999ac: Pulling fs layer
0e8d639bd4bb: Pulling fs layer
abcc47b12785: Pulling fs layer
26aca57ccdbb: Pulling fs layer
1eb209cf65d8: Pulling fs layer
2d5ebd9d2457: Pulling fs layer
325d1ddeee55: Pulling fs layer
6bc85cddd299: Waiting
afa57f550b3c: Waiting
6799bdffc35a: Waiting
6e0548f1d148: Waiting
0d6ff9e999ac: Waiting
0e8d639bd4bb: Waiting
26aca57ccdbb: Waiting
abcc47b12785: Waiting
1eb209cf65d8: Waiting
2d5ebd9d2457: Waiting
325d1ddeee55: Waiting
75b0a0fab180: Verifying Checksum
75b0a0fab180: Download complete
